<?xml version="1.0" encoding="UTF-8"?>
<!-- Generated by org.testng.reporters.JUnitXMLReporter -->
<testsuite hostname="Netras-MBP.localdomain" ignored="0" name="Test" tests="1" failures="1" timestamp="2022-05-22T22:46:54 PDT" time="6.789" errors="0">
  <testcase name="loginWithValidCredential" time="0.071" classname="sample1.AmazomLoginwithParameter">
    <failure type="org.openqa.selenium.NoSuchElementException" message="For documentation on this error, please visit: https://selenium.dev/exceptions/#no_such_element
Build info: version: &amp;apos;4.1.4&amp;apos;, revision: &amp;apos;535d840ee2&amp;apos;
System info: host: &amp;apos;Netras-MBP.localdomain&amp;apos;, ip: &amp;apos;fe80:0:0:0:1892:ee75:350f:fe14%en0&amp;apos;, os.name: &amp;apos;Mac OS X&amp;apos;, os.arch: &amp;apos;x86_64&amp;apos;, os.version: &amp;apos;10.14&amp;apos;, java.version: &amp;apos;1.8.0_171&amp;apos;
Driver info: org.openqa.selenium.safari.SafariDriver
Command: [9C22F01B-63FD-41AA-8A60-77EB6EBA40F4, findElement {using=id, value=ap_email}]
Capabilities {acceptInsecureCerts: false, browserName: Safari, browserVersion: 12.0, javascriptEnabled: true, platform: MAC, platformName: MAC, setWindowRect: true}
Session ID: 9C22F01B-63FD-41AA-8A60-77EB6EBA40F4">
      <![CDATA[org.openqa.selenium.NoSuchElementException: For documentation on this error, please visit: https://selenium.dev/exceptions/#no_such_element
Build info: version: '4.1.4', revision: '535d840ee2'
System info: host: 'Netras-MBP.localdomain', ip: 'fe80:0:0:0:1892:ee75:350f:fe14%en0', os.name: 'Mac OS X', os.arch: 'x86_64', os.version: '10.14', java.version: '1.8.0_171'
Driver info: org.openqa.selenium.safari.SafariDriver
Command: [9C22F01B-63FD-41AA-8A60-77EB6EBA40F4, findElement {using=id, value=ap_email}]
Capabilities {acceptInsecureCerts: false, browserName: Safari, browserVersion: 12.0, javascriptEnabled: true, platform: MAC, platformName: MAC, setWindowRect: true}
Session ID: 9C22F01B-63FD-41AA-8A60-77EB6EBA40F4
at org.openqa.selenium.remote.codec.w3c.W3CHttpResponseCodec.createException(W3CHttpResponseCodec.java:200)
at org.openqa.selenium.remote.codec.w3c.W3CHttpResponseCodec.decode(W3CHttpResponseCodec.java:133)
at org.openqa.selenium.remote.codec.w3c.W3CHttpResponseCodec.decode(W3CHttpResponseCodec.java:53)
at org.openqa.selenium.remote.HttpCommandExecutor.execute(HttpCommandExecutor.java:184)
at org.openqa.selenium.remote.service.DriverCommandExecutor.invokeExecute(DriverCommandExecutor.java:167)
at org.openqa.selenium.remote.service.DriverCommandExecutor.execute(DriverCommandExecutor.java:142)
at org.openqa.selenium.remote.RemoteWebDriver.execute(RemoteWebDriver.java:567)
at org.openqa.selenium.remote.ElementLocation$ElementFinder$2.findElement(ElementLocation.java:162)
at org.openqa.selenium.remote.ElementLocation.findElement(ElementLocation.java:60)
at org.openqa.selenium.remote.RemoteWebDriver.findElement(RemoteWebDriver.java:385)
at org.openqa.selenium.remote.RemoteWebDriver.findElement(RemoteWebDriver.java:377)
at sample1.AmazomLoginwithParameter.loginWithValidCredential(AmazomLoginwithParameter.java:36)
at java.util.ArrayList.forEach(ArrayList.java:1257)
... Removed 31 stack frames]]>
    </failure>
  </testcase> <!-- loginWithValidCredential -->
</testsuite> <!-- Test -->
